<?xml version="1.0" encoding="UTF-8"?>
<!-- Generated by org.testng.reporters.JUnitXMLReporter -->
<testsuite ignored="0" hostname="PC0025" failures="1" tests="1" name="Default test" time="38.15" errors="0" timestamp="2025-11-05T11:55:07 GMT+07:00">
  <testcase classname="CheckTiket.UI.Close_Screen_Function_Test" name="checkSuccessBefore" time="26.358">
    <failure type="org.openqa.selenium.TimeoutException" message="Expected condition failed: waiting for visibility of element located by By.xpath: //android.widget.EditText (tried for 10 second(s) with 500 milliseconds interval)
Build info: version: &amp;apos;4.27.0&amp;apos;, revision: &amp;apos;d6e718d&amp;apos;
System info: os.name: &amp;apos;Windows 10&amp;apos;, os.arch: &amp;apos;amd64&amp;apos;, os.version: &amp;apos;10.0&amp;apos;, java.version: &amp;apos;23.0.2&amp;apos;
Driver info: io.appium.java_client.android.AndroidDriver
Capabilities {appium:appActivity: com.pirago.pia.presentation..., appium:appPackage: com.pirago.pia, appium:appWaitActivity: com.pirago.pia.presentation.*, appium:appWaitPackage: com.pirago.pia, appium:automationName: UiAutomator2, appium:databaseEnabled: false, appium:desired: {appActivity: com.pirago.pia.presentation..., appPackage: com.pirago.pia, appWaitActivity: com.pirago.pia.presentation.*, appWaitPackage: com.pirago.pia, automationName: UiAutomator2, deviceName: Real Device, newCommandTimeout: 3600, noReset: true, platformName: ANDROID, udid: 0020202510018759}, appium:deviceApiLevel: 31, appium:deviceManufacturer: Android, appium:deviceModel: Hand-held_Terminal, appium:deviceName: 0020202510018759, appium:deviceScreenDensity: 320, appium:deviceScreenSize: 720x1440, appium:deviceUDID: 0020202510018759, appium:javascriptEnabled: true, appium:locationContextEnabled: false, appium:networkConnectionEnabled: true, appium:newCommandTimeout: 3600, appium:noReset: true, appium:pixelRatio: 2, appium:platformVersion: 12, appium:statBarHeight: 48, appium:takesScreenshot: true, appium:udid: 0020202510018759, appium:viewportRect: {height: 1392, left: 0, top: 48, width: 720}, appium:warnings: {}, appium:webStorageEnabled: false, platformName: ANDROID}
Session ID: a9476bf3-a71f-4178-a8fd-8abfbb1ffee0">
      <![CDATA[org.openqa.selenium.TimeoutException: Expected condition failed: waiting for visibility of element located by By.xpath: //android.widget.EditText (tried for 10 second(s) with 500 milliseconds interval)
Build info: version: '4.27.0', revision: 'd6e718d'
System info: os.name: 'Windows 10', os.arch: 'amd64', os.version: '10.0', java.version: '23.0.2'
Driver info: io.appium.java_client.android.AndroidDriver
Capabilities {appium:appActivity: com.pirago.pia.presentation..., appium:appPackage: com.pirago.pia, appium:appWaitActivity: com.pirago.pia.presentation.*, appium:appWaitPackage: com.pirago.pia, appium:automationName: UiAutomator2, appium:databaseEnabled: false, appium:desired: {appActivity: com.pirago.pia.presentation..., appPackage: com.pirago.pia, appWaitActivity: com.pirago.pia.presentation.*, appWaitPackage: com.pirago.pia, automationName: UiAutomator2, deviceName: Real Device, newCommandTimeout: 3600, noReset: true, platformName: ANDROID, udid: 0020202510018759}, appium:deviceApiLevel: 31, appium:deviceManufacturer: Android, appium:deviceModel: Hand-held_Terminal, appium:deviceName: 0020202510018759, appium:deviceScreenDensity: 320, appium:deviceScreenSize: 720x1440, appium:deviceUDID: 0020202510018759, appium:javascriptEnabled: true, appium:locationContextEnabled: false, appium:networkConnectionEnabled: true, appium:newCommandTimeout: 3600, appium:noReset: true, appium:pixelRatio: 2, appium:platformVersion: 12, appium:statBarHeight: 48, appium:takesScreenshot: true, appium:udid: 0020202510018759, appium:viewportRect: {height: 1392, left: 0, top: 48, width: 720}, appium:warnings: {}, appium:webStorageEnabled: false, platformName: ANDROID}
Session ID: a9476bf3-a71f-4178-a8fd-8abfbb1ffee0
at org.openqa.selenium.support.ui.WebDriverWait.timeoutException(WebDriverWait.java:84)
at org.openqa.selenium.support.ui.FluentWait.until(FluentWait.java:228)
at CheckTiket.UI.BaseTest.inputElement(BaseTest.java:125)
at CheckTiket.UI.BaseTest.setupSettingAndLogin(BaseTest.java:185)
at CheckTiket.UI.Close_Screen_Function_Page.checkTicketSuccess(Close_Screen_Function_Page.java:28)
at CheckTiket.UI.Close_Screen_Function_Test.checkSuccessBefore(Close_Screen_Function_Test.java:16)
at java.base/jdk.internal.reflect.DirectMethodHandleAccessor.invoke(DirectMethodHandleAccessor.java:103)
at java.base/java.lang.reflect.Method.invoke(Method.java:580)
at org.testng.internal.invokers.MethodInvocationHelper.invokeMethod(MethodInvocationHelper.java:141)
at org.testng.internal.invokers.TestInvoker.invokeMethod(TestInvoker.java:686)
at org.testng.internal.invokers.TestInvoker.invokeTestMethod(TestInvoker.java:230)
at org.testng.internal.invokers.MethodRunner.runInSequence(MethodRunner.java:63)
at org.testng.internal.invokers.TestInvoker$MethodInvocationAgent.invoke(TestInvoker.java:992)
at org.testng.internal.invokers.TestInvoker.invokeTestMethods(TestInvoker.java:203)
at org.testng.internal.invokers.TestMethodWorker.invokeTestMethods(TestMethodWorker.java:154)
at org.testng.internal.invokers.TestMethodWorker.run(TestMethodWorker.java:134)
at java.base/java.util.ArrayList.forEach(ArrayList.java:1597)
at org.testng.TestRunner.privateRun(TestRunner.java:739)
at org.testng.TestRunner.run(TestRunner.java:614)
at org.testng.SuiteRunner.runTest(SuiteRunner.java:421)
at org.testng.SuiteRunner.runSequentially(SuiteRunner.java:413)
at org.testng.SuiteRunner.privateRun(SuiteRunner.java:373)
at org.testng.SuiteRunner.run(SuiteRunner.java:312)
at org.testng.SuiteRunnerWorker.runSuite(SuiteRunnerWorker.java:52)
at org.testng.SuiteRunnerWorker.run(SuiteRunnerWorker.java:95)
at org.testng.TestNG.runSuitesSequentially(TestNG.java:1274)
at org.testng.TestNG.runSuitesLocally(TestNG.java:1208)
at org.testng.TestNG.runSuites(TestNG.java:1112)
at org.testng.TestNG.run(TestNG.java:1079)
at org.testng.remote.AbstractRemoteTestNG.run(AbstractRemoteTestNG.java:115)
at org.testng.remote.RemoteTestNG.initAndRun(RemoteTestNG.java:293)
at org.testng.remote.RemoteTestNG.main(RemoteTestNG.java:91)
]]>
    </failure>
  </testcase> <!-- checkSuccessBefore -->
</testsuite> <!-- Default test -->
