<?xml version="1.0" encoding="UTF-8"?>
<!-- Generated by org.testng.reporters.JUnitXMLReporter -->
<testsuite ignored="0" hostname="PC0025" failures="0" tests="5" name="Default test" time="55.487" errors="0" timestamp="2026-01-30T11:06:57 GMT+07:00">
  <testcase classname="CheckTiket.UI.Maintainance_Screen_Validation_Test" name="checkAllTilte" time="13.906"/>
  <testcase classname="CheckTiket.UI.Maintainance_Screen_Validation_Test" name="checkMB" time="6.358"/>
  <testcase classname="CheckTiket.UI.Maintainance_Screen_Validation_Test" name="checkAuthen" time="3.015"/>
  <testcase classname="CheckTiket.UI.Maintainance_Screen_Validation_Test" name="checkRequired" time="9.989"/>
  <testcase classname="CheckTiket.UI.Maintainance_Screen_Validation_Test" name="settingSuccess" time="9.838"/>
</testsuite> <!-- Default test -->
