<?xml version="1.0" encoding="UTF-8"?>
<!-- Generated by org.testng.reporters.JUnitXMLReporter -->
<testsuite ignored="0" hostname="PC0025" failures="0" tests="8" name="Test function Setting" time="100.947" errors="0" timestamp="2025-12-05T14:39:07 GMT+07:00">
  <testcase classname="CheckTiket.UI.Setting_Screen_Function_Test" name="loginInvalidHomeTeamID" time="19.529"/>
  <testcase classname="CheckTiket.UI.Setting_Screen_Function_Test" name="loginFailWithInvalidDomain" time="10.389"/>
  <testcase classname="CheckTiket.UI.Setting_Screen_Function_Test" name="loginFailWithInvalidPassword" time="6.462"/>
  <testcase classname="CheckTiket.UI.Setting_Screen_Function_Test" name="loginFailWithEmptyPassword" time="2.8"/>
  <testcase classname="CheckTiket.UI.Setting_Screen_Function_Test" name="loginSuccesss" time="11.149"/>
  <testcase classname="CheckTiket.UI.Setting_Screen_Function_Test" name="loginSuccessChangeHomeTeamID" time="14.263"/>
  <testcase classname="CheckTiket.UI.Setting_Screen_Function_Test" name="loginSuccessChangeDomain" time="13.653"/>
  <testcase classname="CheckTiket.UI.Setting_Screen_Function_Test" name="loginSuccessChangeBoth" time="12.561"/>
</testsuite> <!-- Test function Setting -->
