<?xml version="1.0" encoding="UTF-8"?>
<testng-results ignored="0" total="2" passed="2" failed="0" skipped="0">
  <reporter-output>
  </reporter-output>
  <suite started-at="2025-11-12T11:13:49 GMT+07:00" name="Default suite" finished-at="2025-11-12T11:14:31 GMT+07:00" duration-ms="41713">
    <groups>
    </groups>
    <test started-at="2025-11-12T11:13:49 GMT+07:00" name="Default test" finished-at="2025-11-12T11:14:31 GMT+07:00" duration-ms="41713">
      <class name="CheckTiket.UI.Setting_Screen_Validation_Test">
        <test-method is-config="true" signature="setUp()[pri:0, instance:CheckTiket.UI.Setting_Screen_Validation_Test@55cf0d14]" started-at="2025-11-12T11:13:49 GMT+07:00" name="setUp" finished-at="2025-11-12T11:14:06 GMT+07:00" duration-ms="16906" status="PASS">
          <reporter-output>
          </reporter-output>
        </test-method> <!-- setUp -->
        <test-method is-config="true" signature="setupPage()[pri:0, instance:CheckTiket.UI.Setting_Screen_Validation_Test@55cf0d14]" started-at="2025-11-12T11:14:06 GMT+07:00" name="setupPage" finished-at="2025-11-12T11:14:06 GMT+07:00" duration-ms="11" status="PASS">
          <reporter-output>
          </reporter-output>
        </test-method> <!-- setupPage -->
        <test-method signature="checkTitleDisplay()[pri:1, instance:CheckTiket.UI.Setting_Screen_Validation_Test@55cf0d14]" started-at="2025-11-12T11:14:06 GMT+07:00" name="checkTitleDisplay" description="Kiểm tra hiển thị tiêu đề của màn hình Setting" finished-at="2025-11-12T11:14:23 GMT+07:00" duration-ms="17096" status="PASS">
          <reporter-output>
          </reporter-output>
        </test-method> <!-- checkTitleDisplay -->
        <test-method signature="checkPlaceholderDisplay()[pri:2, instance:CheckTiket.UI.Setting_Screen_Validation_Test@55cf0d14]" started-at="2025-11-12T11:14:23 GMT+07:00" name="checkPlaceholderDisplay" description="Kiểm tra hiển thị placeholder của màn hình Setting" finished-at="2025-11-12T11:14:31 GMT+07:00" duration-ms="7586" status="PASS">
          <reporter-output>
          </reporter-output>
        </test-method> <!-- checkPlaceholderDisplay -->
      </class> <!-- CheckTiket.UI.Setting_Screen_Validation_Test -->
    </test> <!-- Default test -->
  </suite> <!-- Default suite -->
</testng-results>
