<?xml version="1.0" encoding="UTF-8"?>
<!-- Generated by org.testng.reporters.JUnitReportReporter -->
<testsuite hostname="PC0025" failures="0" tests="2" name="CheckTiket.UI.Setting_Screen_Validation_Test" time="24.682" errors="0" timestamp="2025-11-12T11:14:31 GMT+07:00" skipped="0">
  <testcase classname="CheckTiket.UI.Setting_Screen_Validation_Test" name="checkTitleDisplay" time="17.096"/>
  <testcase classname="CheckTiket.UI.Setting_Screen_Validation_Test" name="checkPlaceholderDisplay" time="7.586"/>
</testsuite> <!-- CheckTiket.UI.Setting_Screen_Validation_Test -->
