<?xml version="1.0" encoding="UTF-8"?>
<!-- Generated by org.testng.reporters.JUnitReportReporter -->
<testsuite hostname="PC0025" failures="0" tests="4" name="CheckTiket.UI.Maintainance_Screen_Validation_Test" time="54.673" errors="4" timestamp="2025-11-07T14:56:25 GMT+07:00" skipped="0">
  <testcase classname="CheckTiket.UI.Maintainance_Screen_Validation_Test" name="checkDefault" time="20.511">
    <error message="Expected condition failed: waiting for visibility of element located by By.xpath: //android.widget.TextView[@text=&#039;一度に送信する最大認証件数&#039;]/following-sibling::android.widget.EditText (tried for 10 second(s) with 500 milliseconds interval)
Build info: version: &#039;4.27.0&#039;, revision: &#039;d6e718d&#039;
System info: os.name: &#039;Windows 10&#039;, os.arch: &#039;amd64&#039;, os.version: &#039;10.0&#039;, java.version: &#039;23.0.2&#039;
Driver info: io.appium.java_client.android.AndroidDriver
Capabilities {appium:appActivity: com.pirago.pia.presentation..., appium:appPackage: com.pirago.pia, appium:appWaitActivity: com.pirago.pia.presentation.*, appium:appWaitPackage: com.pirago.pia, appium:automationName: UiAutomator2, appium:databaseEnabled: false, appium:desired: {appActivity: com.pirago.pia.presentation..., appPackage: com.pirago.pia, appWaitActivity: com.pirago.pia.presentation.*, appWaitPackage: com.pirago.pia, automationName: UiAutomator2, deviceName: Real Device, newCommandTimeout: 3600, noReset: true, platformName: ANDROID, udid: 0020202510018759}, appium:deviceApiLevel: 31, appium:deviceManufacturer: Android, appium:deviceModel: Hand-held_Terminal, appium:deviceName: 0020202510018759, appium:deviceScreenDensity: 320, appium:deviceScreenSize: 720x1440, appium:deviceUDID: 0020202510018759, appium:javascriptEnabled: true, appium:locationContextEnabled: false, appium:networkConnectionEnabled: true, appium:newCommandTimeout: 3600, appium:noReset: true, appium:pixelRatio: 2, appium:platformVersion: 12, appium:statBarHeight: 48, appium:takesScreenshot: true, appium:udid: 0020202510018759, appium:viewportRect: {height: 1392, left: 0, top: 48, width: 720}, appium:warnings: {}, appium:webStorageEnabled: false, platformName: ANDROID}
Session ID: 53f0ca7a-d0b5-443d-ba6e-a56104d55406" type="org.openqa.selenium.TimeoutException">
      <![CDATA[org.openqa.selenium.TimeoutException: Expected condition failed: waiting for visibility of element located by By.xpath: //android.widget.TextView[@text='一度に送信する最大認証件数']/following-sibling::android.widget.EditText (tried for 10 second(s) with 500 milliseconds interval)
Build info: version: '4.27.0', revision: 'd6e718d'
System info: os.name: 'Windows 10', os.arch: 'amd64', os.version: '10.0', java.version: '23.0.2'
Driver info: io.appium.java_client.android.AndroidDriver
Capabilities {appium:appActivity: com.pirago.pia.presentation..., appium:appPackage: com.pirago.pia, appium:appWaitActivity: com.pirago.pia.presentation.*, appium:appWaitPackage: com.pirago.pia, appium:automationName: UiAutomator2, appium:databaseEnabled: false, appium:desired: {appActivity: com.pirago.pia.presentation..., appPackage: com.pirago.pia, appWaitActivity: com.pirago.pia.presentation.*, appWaitPackage: com.pirago.pia, automationName: UiAutomator2, deviceName: Real Device, newCommandTimeout: 3600, noReset: true, platformName: ANDROID, udid: 0020202510018759}, appium:deviceApiLevel: 31, appium:deviceManufacturer: Android, appium:deviceModel: Hand-held_Terminal, appium:deviceName: 0020202510018759, appium:deviceScreenDensity: 320, appium:deviceScreenSize: 720x1440, appium:deviceUDID: 0020202510018759, appium:javascriptEnabled: true, appium:locationContextEnabled: false, appium:networkConnectionEnabled: true, appium:newCommandTimeout: 3600, appium:noReset: true, appium:pixelRatio: 2, appium:platformVersion: 12, appium:statBarHeight: 48, appium:takesScreenshot: true, appium:udid: 0020202510018759, appium:viewportRect: {height: 1392, left: 0, top: 48, width: 720}, appium:warnings: {}, appium:webStorageEnabled: false, platformName: ANDROID}
Session ID: 53f0ca7a-d0b5-443d-ba6e-a56104d55406
at org.openqa.selenium.support.ui.WebDriverWait.timeoutException(WebDriverWait.java:84)
at org.openqa.selenium.support.ui.FluentWait.until(FluentWait.java:228)
at CheckTiket.UI.BaseTest.verifyDefaultValue(BaseTest.java:235)
at CheckTiket.UI.Maintainance_Screen_Validation_Page.checkDefault(Maintainance_Screen_Validation_Page.java:46)
at CheckTiket.UI.Maintainance_Screen_Validation_Test.checkDefault(Maintainance_Screen_Validation_Test.java:16)
at java.base/jdk.internal.reflect.DirectMethodHandleAccessor.invoke(DirectMethodHandleAccessor.java:103)
at java.base/java.lang.reflect.Method.invoke(Method.java:580)
at org.testng.internal.invokers.MethodInvocationHelper.invokeMethod(MethodInvocationHelper.java:141)
at org.testng.internal.invokers.TestInvoker.invokeMethod(TestInvoker.java:686)
at org.testng.internal.invokers.TestInvoker.invokeTestMethod(TestInvoker.java:230)
at org.testng.internal.invokers.MethodRunner.runInSequence(MethodRunner.java:63)
at org.testng.internal.invokers.TestInvoker$MethodInvocationAgent.invoke(TestInvoker.java:992)
at org.testng.internal.invokers.TestInvoker.invokeTestMethods(TestInvoker.java:203)
at org.testng.internal.invokers.TestMethodWorker.invokeTestMethods(TestMethodWorker.java:154)
at org.testng.internal.invokers.TestMethodWorker.run(TestMethodWorker.java:134)
at java.base/java.util.ArrayList.forEach(ArrayList.java:1597)
at org.testng.TestRunner.privateRun(TestRunner.java:739)
at org.testng.TestRunner.run(TestRunner.java:614)
at org.testng.SuiteRunner.runTest(SuiteRunner.java:421)
at org.testng.SuiteRunner.runSequentially(SuiteRunner.java:413)
at org.testng.SuiteRunner.privateRun(SuiteRunner.java:373)
at org.testng.SuiteRunner.run(SuiteRunner.java:312)
at org.testng.SuiteRunnerWorker.runSuite(SuiteRunnerWorker.java:52)
at org.testng.SuiteRunnerWorker.run(SuiteRunnerWorker.java:95)
at org.testng.TestNG.runSuitesSequentially(TestNG.java:1274)
at org.testng.TestNG.runSuitesLocally(TestNG.java:1208)
at org.testng.TestNG.runSuites(TestNG.java:1112)
at org.testng.TestNG.run(TestNG.java:1079)
at org.testng.remote.AbstractRemoteTestNG.run(AbstractRemoteTestNG.java:115)
at org.testng.remote.RemoteTestNG.initAndRun(RemoteTestNG.java:293)
at org.testng.remote.RemoteTestNG.main(RemoteTestNG.java:91)
]]>
    </error>
  </testcase> <!-- checkDefault -->
  <testcase classname="CheckTiket.UI.Maintainance_Screen_Validation_Test" name="checkMB" time="12.418">
    <error message="Expected condition failed: waiting for visibility of element located by By.xpath: //android.widget.TextView[@text=&#039;動作に必要な最低空き容量&#039;]/following-sibling::android.widget.EditText (tried for 10 second(s) with 500 milliseconds interval)
Build info: version: &#039;4.27.0&#039;, revision: &#039;d6e718d&#039;
System info: os.name: &#039;Windows 10&#039;, os.arch: &#039;amd64&#039;, os.version: &#039;10.0&#039;, java.version: &#039;23.0.2&#039;
Driver info: io.appium.java_client.android.AndroidDriver
Capabilities {appium:appActivity: com.pirago.pia.presentation..., appium:appPackage: com.pirago.pia, appium:appWaitActivity: com.pirago.pia.presentation.*, appium:appWaitPackage: com.pirago.pia, appium:automationName: UiAutomator2, appium:databaseEnabled: false, appium:desired: {appActivity: com.pirago.pia.presentation..., appPackage: com.pirago.pia, appWaitActivity: com.pirago.pia.presentation.*, appWaitPackage: com.pirago.pia, automationName: UiAutomator2, deviceName: Real Device, newCommandTimeout: 3600, noReset: true, platformName: ANDROID, udid: 0020202510018759}, appium:deviceApiLevel: 31, appium:deviceManufacturer: Android, appium:deviceModel: Hand-held_Terminal, appium:deviceName: 0020202510018759, appium:deviceScreenDensity: 320, appium:deviceScreenSize: 720x1440, appium:deviceUDID: 0020202510018759, appium:javascriptEnabled: true, appium:locationContextEnabled: false, appium:networkConnectionEnabled: true, appium:newCommandTimeout: 3600, appium:noReset: true, appium:pixelRatio: 2, appium:platformVersion: 12, appium:statBarHeight: 48, appium:takesScreenshot: true, appium:udid: 0020202510018759, appium:viewportRect: {height: 1392, left: 0, top: 48, width: 720}, appium:warnings: {}, appium:webStorageEnabled: false, platformName: ANDROID}
Session ID: 53f0ca7a-d0b5-443d-ba6e-a56104d55406" type="org.openqa.selenium.TimeoutException">
      <![CDATA[org.openqa.selenium.TimeoutException: Expected condition failed: waiting for visibility of element located by By.xpath: //android.widget.TextView[@text='動作に必要な最低空き容量']/following-sibling::android.widget.EditText (tried for 10 second(s) with 500 milliseconds interval)
Build info: version: '4.27.0', revision: 'd6e718d'
System info: os.name: 'Windows 10', os.arch: 'amd64', os.version: '10.0', java.version: '23.0.2'
Driver info: io.appium.java_client.android.AndroidDriver
Capabilities {appium:appActivity: com.pirago.pia.presentation..., appium:appPackage: com.pirago.pia, appium:appWaitActivity: com.pirago.pia.presentation.*, appium:appWaitPackage: com.pirago.pia, appium:automationName: UiAutomator2, appium:databaseEnabled: false, appium:desired: {appActivity: com.pirago.pia.presentation..., appPackage: com.pirago.pia, appWaitActivity: com.pirago.pia.presentation.*, appWaitPackage: com.pirago.pia, automationName: UiAutomator2, deviceName: Real Device, newCommandTimeout: 3600, noReset: true, platformName: ANDROID, udid: 0020202510018759}, appium:deviceApiLevel: 31, appium:deviceManufacturer: Android, appium:deviceModel: Hand-held_Terminal, appium:deviceName: 0020202510018759, appium:deviceScreenDensity: 320, appium:deviceScreenSize: 720x1440, appium:deviceUDID: 0020202510018759, appium:javascriptEnabled: true, appium:locationContextEnabled: false, appium:networkConnectionEnabled: true, appium:newCommandTimeout: 3600, appium:noReset: true, appium:pixelRatio: 2, appium:platformVersion: 12, appium:statBarHeight: 48, appium:takesScreenshot: true, appium:udid: 0020202510018759, appium:viewportRect: {height: 1392, left: 0, top: 48, width: 720}, appium:warnings: {}, appium:webStorageEnabled: false, platformName: ANDROID}
Session ID: 53f0ca7a-d0b5-443d-ba6e-a56104d55406
at org.openqa.selenium.support.ui.WebDriverWait.timeoutException(WebDriverWait.java:84)
at org.openqa.selenium.support.ui.FluentWait.until(FluentWait.java:228)
at CheckTiket.UI.BaseTest.inputElement(BaseTest.java:126)
at CheckTiket.UI.Maintainance_Screen_Validation_Page.checkMBMessage(Maintainance_Screen_Validation_Page.java:56)
at CheckTiket.UI.Maintainance_Screen_Validation_Test.checkMB(Maintainance_Screen_Validation_Test.java:21)
at java.base/jdk.internal.reflect.DirectMethodHandleAccessor.invoke(DirectMethodHandleAccessor.java:103)
at java.base/java.lang.reflect.Method.invoke(Method.java:580)
at org.testng.internal.invokers.MethodInvocationHelper.invokeMethod(MethodInvocationHelper.java:141)
at org.testng.internal.invokers.TestInvoker.invokeMethod(TestInvoker.java:686)
at org.testng.internal.invokers.TestInvoker.invokeTestMethod(TestInvoker.java:230)
at org.testng.internal.invokers.MethodRunner.runInSequence(MethodRunner.java:63)
at org.testng.internal.invokers.TestInvoker$MethodInvocationAgent.invoke(TestInvoker.java:992)
at org.testng.internal.invokers.TestInvoker.invokeTestMethods(TestInvoker.java:203)
at org.testng.internal.invokers.TestMethodWorker.invokeTestMethods(TestMethodWorker.java:154)
at org.testng.internal.invokers.TestMethodWorker.run(TestMethodWorker.java:134)
at java.base/java.util.ArrayList.forEach(ArrayList.java:1597)
at org.testng.TestRunner.privateRun(TestRunner.java:739)
at org.testng.TestRunner.run(TestRunner.java:614)
at org.testng.SuiteRunner.runTest(SuiteRunner.java:421)
at org.testng.SuiteRunner.runSequentially(SuiteRunner.java:413)
at org.testng.SuiteRunner.privateRun(SuiteRunner.java:373)
at org.testng.SuiteRunner.run(SuiteRunner.java:312)
at org.testng.SuiteRunnerWorker.runSuite(SuiteRunnerWorker.java:52)
at org.testng.SuiteRunnerWorker.run(SuiteRunnerWorker.java:95)
at org.testng.TestNG.runSuitesSequentially(TestNG.java:1274)
at org.testng.TestNG.runSuitesLocally(TestNG.java:1208)
at org.testng.TestNG.runSuites(TestNG.java:1112)
at org.testng.TestNG.run(TestNG.java:1079)
at org.testng.remote.AbstractRemoteTestNG.run(AbstractRemoteTestNG.java:115)
at org.testng.remote.RemoteTestNG.initAndRun(RemoteTestNG.java:293)
at org.testng.remote.RemoteTestNG.main(RemoteTestNG.java:91)
]]>
    </error>
  </testcase> <!-- checkMB -->
  <testcase classname="CheckTiket.UI.Maintainance_Screen_Validation_Test" name="checkAuthen" time="10.221">
    <error message="Expected condition failed: waiting for visibility of element located by By.xpath: //android.widget.TextView[@text=&#039;一度に送信する最大認証件数&#039;]/following-sibling::android.widget.EditText (tried for 10 second(s) with 500 milliseconds interval)
Build info: version: &#039;4.27.0&#039;, revision: &#039;d6e718d&#039;
System info: os.name: &#039;Windows 10&#039;, os.arch: &#039;amd64&#039;, os.version: &#039;10.0&#039;, java.version: &#039;23.0.2&#039;
Driver info: io.appium.java_client.android.AndroidDriver
Capabilities {appium:appActivity: com.pirago.pia.presentation..., appium:appPackage: com.pirago.pia, appium:appWaitActivity: com.pirago.pia.presentation.*, appium:appWaitPackage: com.pirago.pia, appium:automationName: UiAutomator2, appium:databaseEnabled: false, appium:desired: {appActivity: com.pirago.pia.presentation..., appPackage: com.pirago.pia, appWaitActivity: com.pirago.pia.presentation.*, appWaitPackage: com.pirago.pia, automationName: UiAutomator2, deviceName: Real Device, newCommandTimeout: 3600, noReset: true, platformName: ANDROID, udid: 0020202510018759}, appium:deviceApiLevel: 31, appium:deviceManufacturer: Android, appium:deviceModel: Hand-held_Terminal, appium:deviceName: 0020202510018759, appium:deviceScreenDensity: 320, appium:deviceScreenSize: 720x1440, appium:deviceUDID: 0020202510018759, appium:javascriptEnabled: true, appium:locationContextEnabled: false, appium:networkConnectionEnabled: true, appium:newCommandTimeout: 3600, appium:noReset: true, appium:pixelRatio: 2, appium:platformVersion: 12, appium:statBarHeight: 48, appium:takesScreenshot: true, appium:udid: 0020202510018759, appium:viewportRect: {height: 1392, left: 0, top: 48, width: 720}, appium:warnings: {}, appium:webStorageEnabled: false, platformName: ANDROID}
Session ID: 53f0ca7a-d0b5-443d-ba6e-a56104d55406" type="org.openqa.selenium.TimeoutException">
      <![CDATA[org.openqa.selenium.TimeoutException: Expected condition failed: waiting for visibility of element located by By.xpath: //android.widget.TextView[@text='一度に送信する最大認証件数']/following-sibling::android.widget.EditText (tried for 10 second(s) with 500 milliseconds interval)
Build info: version: '4.27.0', revision: 'd6e718d'
System info: os.name: 'Windows 10', os.arch: 'amd64', os.version: '10.0', java.version: '23.0.2'
Driver info: io.appium.java_client.android.AndroidDriver
Capabilities {appium:appActivity: com.pirago.pia.presentation..., appium:appPackage: com.pirago.pia, appium:appWaitActivity: com.pirago.pia.presentation.*, appium:appWaitPackage: com.pirago.pia, appium:automationName: UiAutomator2, appium:databaseEnabled: false, appium:desired: {appActivity: com.pirago.pia.presentation..., appPackage: com.pirago.pia, appWaitActivity: com.pirago.pia.presentation.*, appWaitPackage: com.pirago.pia, automationName: UiAutomator2, deviceName: Real Device, newCommandTimeout: 3600, noReset: true, platformName: ANDROID, udid: 0020202510018759}, appium:deviceApiLevel: 31, appium:deviceManufacturer: Android, appium:deviceModel: Hand-held_Terminal, appium:deviceName: 0020202510018759, appium:deviceScreenDensity: 320, appium:deviceScreenSize: 720x1440, appium:deviceUDID: 0020202510018759, appium:javascriptEnabled: true, appium:locationContextEnabled: false, appium:networkConnectionEnabled: true, appium:newCommandTimeout: 3600, appium:noReset: true, appium:pixelRatio: 2, appium:platformVersion: 12, appium:statBarHeight: 48, appium:takesScreenshot: true, appium:udid: 0020202510018759, appium:viewportRect: {height: 1392, left: 0, top: 48, width: 720}, appium:warnings: {}, appium:webStorageEnabled: false, platformName: ANDROID}
Session ID: 53f0ca7a-d0b5-443d-ba6e-a56104d55406
at org.openqa.selenium.support.ui.WebDriverWait.timeoutException(WebDriverWait.java:84)
at org.openqa.selenium.support.ui.FluentWait.until(FluentWait.java:228)
at CheckTiket.UI.BaseTest.inputElement(BaseTest.java:126)
at CheckTiket.UI.Maintainance_Screen_Validation_Page.checkAuthenMessage(Maintainance_Screen_Validation_Page.java:67)
at CheckTiket.UI.Maintainance_Screen_Validation_Test.checkAuthen(Maintainance_Screen_Validation_Test.java:26)
at java.base/jdk.internal.reflect.DirectMethodHandleAccessor.invoke(DirectMethodHandleAccessor.java:103)
at java.base/java.lang.reflect.Method.invoke(Method.java:580)
at org.testng.internal.invokers.MethodInvocationHelper.invokeMethod(MethodInvocationHelper.java:141)
at org.testng.internal.invokers.TestInvoker.invokeMethod(TestInvoker.java:686)
at org.testng.internal.invokers.TestInvoker.invokeTestMethod(TestInvoker.java:230)
at org.testng.internal.invokers.MethodRunner.runInSequence(MethodRunner.java:63)
at org.testng.internal.invokers.TestInvoker$MethodInvocationAgent.invoke(TestInvoker.java:992)
at org.testng.internal.invokers.TestInvoker.invokeTestMethods(TestInvoker.java:203)
at org.testng.internal.invokers.TestMethodWorker.invokeTestMethods(TestMethodWorker.java:154)
at org.testng.internal.invokers.TestMethodWorker.run(TestMethodWorker.java:134)
at java.base/java.util.ArrayList.forEach(ArrayList.java:1597)
at org.testng.TestRunner.privateRun(TestRunner.java:739)
at org.testng.TestRunner.run(TestRunner.java:614)
at org.testng.SuiteRunner.runTest(SuiteRunner.java:421)
at org.testng.SuiteRunner.runSequentially(SuiteRunner.java:413)
at org.testng.SuiteRunner.privateRun(SuiteRunner.java:373)
at org.testng.SuiteRunner.run(SuiteRunner.java:312)
at org.testng.SuiteRunnerWorker.runSuite(SuiteRunnerWorker.java:52)
at org.testng.SuiteRunnerWorker.run(SuiteRunnerWorker.java:95)
at org.testng.TestNG.runSuitesSequentially(TestNG.java:1274)
at org.testng.TestNG.runSuitesLocally(TestNG.java:1208)
at org.testng.TestNG.runSuites(TestNG.java:1112)
at org.testng.TestNG.run(TestNG.java:1079)
at org.testng.remote.AbstractRemoteTestNG.run(AbstractRemoteTestNG.java:115)
at org.testng.remote.RemoteTestNG.initAndRun(RemoteTestNG.java:293)
at org.testng.remote.RemoteTestNG.main(RemoteTestNG.java:91)
]]>
    </error>
  </testcase> <!-- checkAuthen -->
  <testcase classname="CheckTiket.UI.Maintainance_Screen_Validation_Test" name="checkRequired" time="11.523">
    <error message="Expected condition failed: waiting for visibility of element located by By.xpath: //android.widget.TextView[@text=&#039;動作に必要な最低空き容量&#039;]/following-sibling::android.widget.EditText (tried for 10 second(s) with 500 milliseconds interval)
Build info: version: &#039;4.27.0&#039;, revision: &#039;d6e718d&#039;
System info: os.name: &#039;Windows 10&#039;, os.arch: &#039;amd64&#039;, os.version: &#039;10.0&#039;, java.version: &#039;23.0.2&#039;
Driver info: io.appium.java_client.android.AndroidDriver
Capabilities {appium:appActivity: com.pirago.pia.presentation..., appium:appPackage: com.pirago.pia, appium:appWaitActivity: com.pirago.pia.presentation.*, appium:appWaitPackage: com.pirago.pia, appium:automationName: UiAutomator2, appium:databaseEnabled: false, appium:desired: {appActivity: com.pirago.pia.presentation..., appPackage: com.pirago.pia, appWaitActivity: com.pirago.pia.presentation.*, appWaitPackage: com.pirago.pia, automationName: UiAutomator2, deviceName: Real Device, newCommandTimeout: 3600, noReset: true, platformName: ANDROID, udid: 0020202510018759}, appium:deviceApiLevel: 31, appium:deviceManufacturer: Android, appium:deviceModel: Hand-held_Terminal, appium:deviceName: 0020202510018759, appium:deviceScreenDensity: 320, appium:deviceScreenSize: 720x1440, appium:deviceUDID: 0020202510018759, appium:javascriptEnabled: true, appium:locationContextEnabled: false, appium:networkConnectionEnabled: true, appium:newCommandTimeout: 3600, appium:noReset: true, appium:pixelRatio: 2, appium:platformVersion: 12, appium:statBarHeight: 48, appium:takesScreenshot: true, appium:udid: 0020202510018759, appium:viewportRect: {height: 1392, left: 0, top: 48, width: 720}, appium:warnings: {}, appium:webStorageEnabled: false, platformName: ANDROID}
Session ID: 53f0ca7a-d0b5-443d-ba6e-a56104d55406" type="org.openqa.selenium.TimeoutException">
      <![CDATA[org.openqa.selenium.TimeoutException: Expected condition failed: waiting for visibility of element located by By.xpath: //android.widget.TextView[@text='動作に必要な最低空き容量']/following-sibling::android.widget.EditText (tried for 10 second(s) with 500 milliseconds interval)
Build info: version: '4.27.0', revision: 'd6e718d'
System info: os.name: 'Windows 10', os.arch: 'amd64', os.version: '10.0', java.version: '23.0.2'
Driver info: io.appium.java_client.android.AndroidDriver
Capabilities {appium:appActivity: com.pirago.pia.presentation..., appium:appPackage: com.pirago.pia, appium:appWaitActivity: com.pirago.pia.presentation.*, appium:appWaitPackage: com.pirago.pia, appium:automationName: UiAutomator2, appium:databaseEnabled: false, appium:desired: {appActivity: com.pirago.pia.presentation..., appPackage: com.pirago.pia, appWaitActivity: com.pirago.pia.presentation.*, appWaitPackage: com.pirago.pia, automationName: UiAutomator2, deviceName: Real Device, newCommandTimeout: 3600, noReset: true, platformName: ANDROID, udid: 0020202510018759}, appium:deviceApiLevel: 31, appium:deviceManufacturer: Android, appium:deviceModel: Hand-held_Terminal, appium:deviceName: 0020202510018759, appium:deviceScreenDensity: 320, appium:deviceScreenSize: 720x1440, appium:deviceUDID: 0020202510018759, appium:javascriptEnabled: true, appium:locationContextEnabled: false, appium:networkConnectionEnabled: true, appium:newCommandTimeout: 3600, appium:noReset: true, appium:pixelRatio: 2, appium:platformVersion: 12, appium:statBarHeight: 48, appium:takesScreenshot: true, appium:udid: 0020202510018759, appium:viewportRect: {height: 1392, left: 0, top: 48, width: 720}, appium:warnings: {}, appium:webStorageEnabled: false, platformName: ANDROID}
Session ID: 53f0ca7a-d0b5-443d-ba6e-a56104d55406
at org.openqa.selenium.support.ui.WebDriverWait.timeoutException(WebDriverWait.java:84)
at org.openqa.selenium.support.ui.FluentWait.until(FluentWait.java:228)
at CheckTiket.UI.BaseTest.clearElement(BaseTest.java:156)
at CheckTiket.UI.Maintainance_Screen_Validation_Page.checkRequired(Maintainance_Screen_Validation_Page.java:78)
at CheckTiket.UI.Maintainance_Screen_Validation_Test.checkRequired(Maintainance_Screen_Validation_Test.java:31)
at java.base/jdk.internal.reflect.DirectMethodHandleAccessor.invoke(DirectMethodHandleAccessor.java:103)
at java.base/java.lang.reflect.Method.invoke(Method.java:580)
at org.testng.internal.invokers.MethodInvocationHelper.invokeMethod(MethodInvocationHelper.java:141)
at org.testng.internal.invokers.TestInvoker.invokeMethod(TestInvoker.java:686)
at org.testng.internal.invokers.TestInvoker.invokeTestMethod(TestInvoker.java:230)
at org.testng.internal.invokers.MethodRunner.runInSequence(MethodRunner.java:63)
at org.testng.internal.invokers.TestInvoker$MethodInvocationAgent.invoke(TestInvoker.java:992)
at org.testng.internal.invokers.TestInvoker.invokeTestMethods(TestInvoker.java:203)
at org.testng.internal.invokers.TestMethodWorker.invokeTestMethods(TestMethodWorker.java:154)
at org.testng.internal.invokers.TestMethodWorker.run(TestMethodWorker.java:134)
at java.base/java.util.ArrayList.forEach(ArrayList.java:1597)
at org.testng.TestRunner.privateRun(TestRunner.java:739)
at org.testng.TestRunner.run(TestRunner.java:614)
at org.testng.SuiteRunner.runTest(SuiteRunner.java:421)
at org.testng.SuiteRunner.runSequentially(SuiteRunner.java:413)
at org.testng.SuiteRunner.privateRun(SuiteRunner.java:373)
at org.testng.SuiteRunner.run(SuiteRunner.java:312)
at org.testng.SuiteRunnerWorker.runSuite(SuiteRunnerWorker.java:52)
at org.testng.SuiteRunnerWorker.run(SuiteRunnerWorker.java:95)
at org.testng.TestNG.runSuitesSequentially(TestNG.java:1274)
at org.testng.TestNG.runSuitesLocally(TestNG.java:1208)
at org.testng.TestNG.runSuites(TestNG.java:1112)
at org.testng.TestNG.run(TestNG.java:1079)
at org.testng.remote.AbstractRemoteTestNG.run(AbstractRemoteTestNG.java:115)
at org.testng.remote.RemoteTestNG.initAndRun(RemoteTestNG.java:293)
at org.testng.remote.RemoteTestNG.main(RemoteTestNG.java:91)
]]>
    </error>
  </testcase> <!-- checkRequired -->
</testsuite> <!-- CheckTiket.UI.Maintainance_Screen_Validation_Test -->
