<?xml version="1.0" encoding="UTF-8"?>
<!-- Generated by org.testng.reporters.JUnitReportReporter -->
<testsuite hostname="PC0025" failures="0" tests="1" name="CheckTiket.UI.TOP_Screen2" time="75.651" errors="1" timestamp="2025-10-03T10:45:44 GMT+07:00" skipped="0">
  <testcase classname="CheckTiket.UI.TOP_Screen2" name="checkTicket" time="75.651">
    <error message="Expected condition failed: waiting for visibility of element located by By.xpath: //android.widget.TextView[@text=&quot;１ゲート&quot;] (tried for 10 second(s) with 500 milliseconds interval)
Build info: version: &#039;4.27.0&#039;, revision: &#039;d6e718d&#039;
System info: os.name: &#039;Windows 10&#039;, os.arch: &#039;amd64&#039;, os.version: &#039;10.0&#039;, java.version: &#039;23.0.2&#039;
Driver info: io.appium.java_client.android.AndroidDriver
Capabilities {appium:appActivity: com.pirago.pia.presentation..., appium:appPackage: com.pirago.pia, appium:appWaitActivity: com.pirago.pia.presentation.*, appium:appWaitPackage: com.pirago.pia, appium:automationName: UiAutomator2, appium:databaseEnabled: false, appium:desired: {appActivity: com.pirago.pia.presentation..., appPackage: com.pirago.pia, appWaitActivity: com.pirago.pia.presentation.*, appWaitPackage: com.pirago.pia, automationName: UiAutomator2, deviceName: Real Device, newCommandTimeout: 3600, platformName: ANDROID, udid: XYT2024042900034}, appium:deviceApiLevel: 30, appium:deviceManufacturer: LXWL, appium:deviceModel: Hand-held_Printer, appium:deviceName: XYT2024042900034, appium:deviceScreenDensity: 300, appium:deviceScreenSize: 720x1440, appium:deviceUDID: XYT2024042900034, appium:javascriptEnabled: true, appium:locationContextEnabled: false, appium:networkConnectionEnabled: true, appium:newCommandTimeout: 3600, appium:pixelRatio: 1.875, appium:platformVersion: 11, appium:statBarHeight: 45, appium:takesScreenshot: true, appium:udid: XYT2024042900034, appium:viewportRect: {height: 1305, left: 0, top: 45, width: 720}, appium:warnings: {}, appium:webStorageEnabled: false, platformName: ANDROID}
Session ID: 21db22c4-da76-43dd-bf01-762a32f07d0b" type="org.openqa.selenium.TimeoutException">
      <![CDATA[org.openqa.selenium.TimeoutException: Expected condition failed: waiting for visibility of element located by By.xpath: //android.widget.TextView[@text="１ゲート"] (tried for 10 second(s) with 500 milliseconds interval)
Build info: version: '4.27.0', revision: 'd6e718d'
System info: os.name: 'Windows 10', os.arch: 'amd64', os.version: '10.0', java.version: '23.0.2'
Driver info: io.appium.java_client.android.AndroidDriver
Capabilities {appium:appActivity: com.pirago.pia.presentation..., appium:appPackage: com.pirago.pia, appium:appWaitActivity: com.pirago.pia.presentation.*, appium:appWaitPackage: com.pirago.pia, appium:automationName: UiAutomator2, appium:databaseEnabled: false, appium:desired: {appActivity: com.pirago.pia.presentation..., appPackage: com.pirago.pia, appWaitActivity: com.pirago.pia.presentation.*, appWaitPackage: com.pirago.pia, automationName: UiAutomator2, deviceName: Real Device, newCommandTimeout: 3600, platformName: ANDROID, udid: XYT2024042900034}, appium:deviceApiLevel: 30, appium:deviceManufacturer: LXWL, appium:deviceModel: Hand-held_Printer, appium:deviceName: XYT2024042900034, appium:deviceScreenDensity: 300, appium:deviceScreenSize: 720x1440, appium:deviceUDID: XYT2024042900034, appium:javascriptEnabled: true, appium:locationContextEnabled: false, appium:networkConnectionEnabled: true, appium:newCommandTimeout: 3600, appium:pixelRatio: 1.875, appium:platformVersion: 11, appium:statBarHeight: 45, appium:takesScreenshot: true, appium:udid: XYT2024042900034, appium:viewportRect: {height: 1305, left: 0, top: 45, width: 720}, appium:warnings: {}, appium:webStorageEnabled: false, platformName: ANDROID}
Session ID: 21db22c4-da76-43dd-bf01-762a32f07d0b
at org.openqa.selenium.support.ui.WebDriverWait.timeoutException(WebDriverWait.java:84)
at org.openqa.selenium.support.ui.FluentWait.until(FluentWait.java:228)
at CheckTiket.UI.BaseTest.clickElement(BaseTest.java:52)
at CheckTiket.UI.TOP_Screen2.checkTicket(TOP_Screen2.java:133)
at java.base/jdk.internal.reflect.DirectMethodHandleAccessor.invoke(DirectMethodHandleAccessor.java:103)
at java.base/java.lang.reflect.Method.invoke(Method.java:580)
at org.testng.internal.invokers.MethodInvocationHelper.invokeMethod(MethodInvocationHelper.java:141)
at org.testng.internal.invokers.TestInvoker.invokeMethod(TestInvoker.java:686)
at org.testng.internal.invokers.TestInvoker.invokeTestMethod(TestInvoker.java:230)
at org.testng.internal.invokers.MethodRunner.runInSequence(MethodRunner.java:63)
at org.testng.internal.invokers.TestInvoker$MethodInvocationAgent.invoke(TestInvoker.java:992)
at org.testng.internal.invokers.TestInvoker.invokeTestMethods(TestInvoker.java:203)
at org.testng.internal.invokers.TestMethodWorker.invokeTestMethods(TestMethodWorker.java:154)
at org.testng.internal.invokers.TestMethodWorker.run(TestMethodWorker.java:134)
at java.base/java.util.ArrayList.forEach(ArrayList.java:1597)
at org.testng.TestRunner.privateRun(TestRunner.java:739)
at org.testng.TestRunner.run(TestRunner.java:614)
at org.testng.SuiteRunner.runTest(SuiteRunner.java:421)
at org.testng.SuiteRunner.runSequentially(SuiteRunner.java:413)
at org.testng.SuiteRunner.privateRun(SuiteRunner.java:373)
at org.testng.SuiteRunner.run(SuiteRunner.java:312)
at org.testng.SuiteRunnerWorker.runSuite(SuiteRunnerWorker.java:52)
at org.testng.SuiteRunnerWorker.run(SuiteRunnerWorker.java:95)
at org.testng.TestNG.runSuitesSequentially(TestNG.java:1274)
at org.testng.TestNG.runSuitesLocally(TestNG.java:1208)
at org.testng.TestNG.runSuites(TestNG.java:1112)
at org.testng.TestNG.run(TestNG.java:1079)
at org.testng.remote.AbstractRemoteTestNG.run(AbstractRemoteTestNG.java:115)
at org.testng.remote.RemoteTestNG.initAndRun(RemoteTestNG.java:293)
at org.testng.remote.RemoteTestNG.main(RemoteTestNG.java:91)
]]>
    </error>
  </testcase> <!-- checkTicket -->
</testsuite> <!-- CheckTiket.UI.TOP_Screen2 -->
