<?xml version="1.0" encoding="UTF-8"?>
<!-- Generated by org.testng.reporters.JUnitReportReporter -->
<testsuite hostname="PC0025" failures="0" tests="2" name="CheckTiket.UI.Setting_Screen_Validation_Test" time="16.968" errors="0" timestamp="2026-01-29T17:16:02 GMT+07:00" skipped="0">
  <testcase classname="CheckTiket.UI.Setting_Screen_Validation_Test" name="checkTitleDisplay" time="11.654"/>
  <testcase classname="CheckTiket.UI.Setting_Screen_Validation_Test" name="checkPlaceholderDisplay" time="5.314"/>
</testsuite> <!-- CheckTiket.UI.Setting_Screen_Validation_Test -->
