<?xml version="1.0" encoding="UTF-8"?>
<!-- Generated by org.testng.reporters.JUnitReportReporter -->
<testsuite hostname="PC0025" failures="0" tests="2" name="CheckTiket.UI.TOP_Screen_Validation_Test" time="12.881" errors="0" timestamp="2025-11-12T09:55:27 GMT+07:00" skipped="0">
  <testcase classname="CheckTiket.UI.TOP_Screen_Validation_Test" name="checkTitle" time="10.696"/>
  <testcase classname="CheckTiket.UI.TOP_Screen_Validation_Test" name="checkStatusFooter" time="2.185"/>
</testsuite> <!-- CheckTiket.UI.TOP_Screen_Validation_Test -->
