<?xml version="1.0" encoding="UTF-8"?>
<!-- Generated by org.testng.reporters.JUnitReportReporter -->
<testsuite hostname="PC0025" failures="0" tests="2" name="CheckTiket.UI.TOP_Screen_Validation_Test" time="7.640" errors="0" timestamp="2026-01-30T10:09:16 GMT+07:00" skipped="0">
  <testcase classname="CheckTiket.UI.TOP_Screen_Validation_Test" name="checkTitle" time="6.540"/>
  <testcase classname="CheckTiket.UI.TOP_Screen_Validation_Test" name="checkStatusFooter" time="1.100"/>
</testsuite> <!-- CheckTiket.UI.TOP_Screen_Validation_Test -->
