<?xml version="1.0" encoding="UTF-8"?>
<!-- Generated by org.testng.reporters.JUnitReportReporter -->
<testsuite hostname="PC0025" failures="0" tests="8" name="CheckTiket.UI.Setting_Screen_Function_Test" time="96.531" errors="1" timestamp="2025-11-17T14:58:14 GMT+07:00" skipped="0">
  <testcase classname="CheckTiket.UI.Setting_Screen_Function_Test" name="loginInvalidHomeTeamID" time="20.936"/>
  <testcase classname="CheckTiket.UI.Setting_Screen_Function_Test" name="loginFailWithInvalidDomain" time="11.262"/>
  <testcase classname="CheckTiket.UI.Setting_Screen_Function_Test" name="loginFailWithInvalidPassword" time="7.322">
    <error message="An element could not be located on the page using the given search parameters.
For documentation on this error, please visit: https://www.selenium.dev/documentation/webdriver/troubleshooting/errors#no-such-element-exception
Build info: version: &#039;4.27.0&#039;, revision: &#039;d6e718d&#039;
System info: os.name: &#039;Windows 10&#039;, os.arch: &#039;amd64&#039;, os.version: &#039;10.0&#039;, java.version: &#039;23.0.2&#039;
Driver info: io.appium.java_client.android.AndroidDriver
Command: [5c79d7c1-ee12-41b9-93e1-2197509b7f1d, findElement {using=xpath, value=//android.widget.TextView[@text=&quot;入力されたパスワードが違います。
パスワードを確認してください。&quot;]}]
Capabilities {appium:appActivity: com.pirago.pia.presentation..., appium:appPackage: com.pirago.pia, appium:appWaitActivity: com.pirago.pia.presentation.*, appium:appWaitPackage: com.pirago.pia, appium:automationName: UiAutomator2, appium:databaseEnabled: false, appium:desired: {appActivity: com.pirago.pia.presentation..., appPackage: com.pirago.pia, appWaitActivity: com.pirago.pia.presentation.*, appWaitPackage: com.pirago.pia, automationName: UiAutomator2, deviceName: Real Device, newCommandTimeout: 3600, noReset: true, platformName: ANDROID, udid: 0020202510018759}, appium:deviceApiLevel: 31, appium:deviceManufacturer: Android, appium:deviceModel: Hand-held_Terminal, appium:deviceName: 0020202510018759, appium:deviceScreenDensity: 320, appium:deviceScreenSize: 720x1440, appium:deviceUDID: 0020202510018759, appium:javascriptEnabled: true, appium:locationContextEnabled: false, appium:networkConnectionEnabled: true, appium:newCommandTimeout: 3600, appium:noReset: true, appium:pixelRatio: 2, appium:platformVersion: 12, appium:statBarHeight: 48, appium:takesScreenshot: true, appium:udid: 0020202510018759, appium:viewportRect: {height: 1392, left: 0, top: 48, width: 720}, appium:warnings: {}, appium:webStorageEnabled: false, platformName: ANDROID}
Session ID: 5c79d7c1-ee12-41b9-93e1-2197509b7f1d" type="org.openqa.selenium.NoSuchElementException">
      <![CDATA[org.openqa.selenium.NoSuchElementException: An element could not be located on the page using the given search parameters.
For documentation on this error, please visit: https://www.selenium.dev/documentation/webdriver/troubleshooting/errors#no-such-element-exception
Build info: version: '4.27.0', revision: 'd6e718d'
System info: os.name: 'Windows 10', os.arch: 'amd64', os.version: '10.0', java.version: '23.0.2'
Driver info: io.appium.java_client.android.AndroidDriver
Command: [5c79d7c1-ee12-41b9-93e1-2197509b7f1d, findElement {using=xpath, value=//android.widget.TextView[@text="入力されたパスワードが違います。
パスワードを確認してください。"]}]
Capabilities {appium:appActivity: com.pirago.pia.presentation..., appium:appPackage: com.pirago.pia, appium:appWaitActivity: com.pirago.pia.presentation.*, appium:appWaitPackage: com.pirago.pia, appium:automationName: UiAutomator2, appium:databaseEnabled: false, appium:desired: {appActivity: com.pirago.pia.presentation..., appPackage: com.pirago.pia, appWaitActivity: com.pirago.pia.presentation.*, appWaitPackage: com.pirago.pia, automationName: UiAutomator2, deviceName: Real Device, newCommandTimeout: 3600, noReset: true, platformName: ANDROID, udid: 0020202510018759}, appium:deviceApiLevel: 31, appium:deviceManufacturer: Android, appium:deviceModel: Hand-held_Terminal, appium:deviceName: 0020202510018759, appium:deviceScreenDensity: 320, appium:deviceScreenSize: 720x1440, appium:deviceUDID: 0020202510018759, appium:javascriptEnabled: true, appium:locationContextEnabled: false, appium:networkConnectionEnabled: true, appium:newCommandTimeout: 3600, appium:noReset: true, appium:pixelRatio: 2, appium:platformVersion: 12, appium:statBarHeight: 48, appium:takesScreenshot: true, appium:udid: 0020202510018759, appium:viewportRect: {height: 1392, left: 0, top: 48, width: 720}, appium:warnings: {}, appium:webStorageEnabled: false, platformName: ANDROID}
Session ID: 5c79d7c1-ee12-41b9-93e1-2197509b7f1d
at java.base/jdk.internal.reflect.DirectConstructorHandleAccessor.newInstance(DirectConstructorHandleAccessor.java:62)
at java.base/java.lang.reflect.Constructor.newInstanceWithCaller(Constructor.java:501)
at java.base/java.lang.reflect.Constructor.newInstance(Constructor.java:485)
at org.openqa.selenium.remote.ErrorCodec.decode(ErrorCodec.java:167)
at org.openqa.selenium.remote.codec.w3c.W3CHttpResponseCodec.decode(W3CHttpResponseCodec.java:138)
at org.openqa.selenium.remote.codec.w3c.W3CHttpResponseCodec.decode(W3CHttpResponseCodec.java:50)
at org.openqa.selenium.remote.HttpCommandExecutor.execute(HttpCommandExecutor.java:190)
at io.appium.java_client.remote.AppiumCommandExecutor.execute(AppiumCommandExecutor.java:243)
at org.openqa.selenium.remote.RemoteWebDriver.execute(RemoteWebDriver.java:545)
at org.openqa.selenium.remote.ElementLocation$ElementFinder$2.findElement(ElementLocation.java:165)
at org.openqa.selenium.remote.ElementLocation.findElement(ElementLocation.java:59)
at org.openqa.selenium.remote.RemoteWebDriver.findElement(RemoteWebDriver.java:368)
at org.openqa.selenium.remote.RemoteWebDriver.findElement(RemoteWebDriver.java:362)
at CheckTiket.UI.BaseTest.MessageDiadlogs(BaseTest.java:240)
at CheckTiket.UI.Setting_Screen_Function_Page.loginFailWithInvalidPassword(Setting_Screen_Function_Page.java:129)
at CheckTiket.UI.Setting_Screen_Function_Test.loginFailWithInvalidPassword(Setting_Screen_Function_Test.java:27)
at java.base/jdk.internal.reflect.DirectMethodHandleAccessor.invoke(DirectMethodHandleAccessor.java:103)
at java.base/java.lang.reflect.Method.invoke(Method.java:580)
at org.testng.internal.invokers.MethodInvocationHelper.invokeMethod(MethodInvocationHelper.java:141)
at org.testng.internal.invokers.TestInvoker.invokeMethod(TestInvoker.java:686)
at org.testng.internal.invokers.TestInvoker.invokeTestMethod(TestInvoker.java:230)
at org.testng.internal.invokers.MethodRunner.runInSequence(MethodRunner.java:63)
at org.testng.internal.invokers.TestInvoker$MethodInvocationAgent.invoke(TestInvoker.java:992)
at org.testng.internal.invokers.TestInvoker.invokeTestMethods(TestInvoker.java:203)
at org.testng.internal.invokers.TestMethodWorker.invokeTestMethods(TestMethodWorker.java:154)
at org.testng.internal.invokers.TestMethodWorker.run(TestMethodWorker.java:134)
at java.base/java.util.ArrayList.forEach(ArrayList.java:1597)
at org.testng.TestRunner.privateRun(TestRunner.java:739)
at org.testng.TestRunner.run(TestRunner.java:614)
at org.testng.SuiteRunner.runTest(SuiteRunner.java:421)
at org.testng.SuiteRunner.runSequentially(SuiteRunner.java:413)
at org.testng.SuiteRunner.privateRun(SuiteRunner.java:373)
at org.testng.SuiteRunner.run(SuiteRunner.java:312)
at org.testng.SuiteRunnerWorker.runSuite(SuiteRunnerWorker.java:52)
at org.testng.SuiteRunnerWorker.run(SuiteRunnerWorker.java:95)
at org.testng.TestNG.runSuitesSequentially(TestNG.java:1274)
at org.testng.TestNG.runSuitesLocally(TestNG.java:1208)
at org.testng.TestNG.runSuites(TestNG.java:1112)
at org.testng.TestNG.run(TestNG.java:1079)
at org.testng.remote.AbstractRemoteTestNG.run(AbstractRemoteTestNG.java:115)
at org.testng.remote.RemoteTestNG.initAndRun(RemoteTestNG.java:293)
at org.testng.remote.RemoteTestNG.main(RemoteTestNG.java:91)
]]>
    </error>
  </testcase> <!-- loginFailWithInvalidPassword -->
  <testcase classname="CheckTiket.UI.Setting_Screen_Function_Test" name="loginFailWithEmptyPassword" time="2.857"/>
  <testcase classname="CheckTiket.UI.Setting_Screen_Function_Test" name="loginSuccesss" time="13.156"/>
  <testcase classname="CheckTiket.UI.Setting_Screen_Function_Test" name="loginSuccessChangeHomeTeamID" time="15.129"/>
  <testcase classname="CheckTiket.UI.Setting_Screen_Function_Test" name="loginSuccessChangeDomain" time="13.125"/>
  <testcase classname="CheckTiket.UI.Setting_Screen_Function_Test" name="loginSuccessChangeBoth" time="12.744"/>
</testsuite> <!-- CheckTiket.UI.Setting_Screen_Function_Test -->
